<?xml version="1.0" encoding="UTF-8"?>
<testng-results skipped="0" failed="0" ignored="0" total="1" passed="1">
  <reporter-output>
  </reporter-output>
  <suite name="Suite" duration-ms="77" started-at="2022-03-04T20:56:43 IST" finished-at="2022-03-04T20:56:43 IST">
    <groups>
    </groups>
    <test name="Test" duration-ms="77" started-at="2022-03-04T20:56:43 IST" finished-at="2022-03-04T20:56:43 IST">
      <class name="demoone.mavensecond.Demo">
        <test-method status="PASS" signature="hello()[pri:0, instance:demoone.mavensecond.Demo@2833cc44]" name="hello" duration-ms="8" started-at="2022-03-04T20:56:43 IST" finished-at="2022-03-04T20:56:43 IST">
          <reporter-output>
          </reporter-output>
        </test-method> <!-- hello -->
      </class> <!-- demoone.mavensecond.Demo -->
    </test> <!-- Test -->
  </suite> <!-- Suite -->
</testng-results>
